# JRE version: OpenJDK Runtime Environment (8.0_152-b01) (build 1.8.0_152-release-915-b01)
# Java VM: OpenJDK 64-Bit Server VM (25.152-b01 mixed mode windows-amd64 compressed oops)
Heap:
 PSYoungGen      total 281088K, used 137479K [0x00000000e0000000, 0x00000000f3c80000, 0x0000000100000000)
  eden space 238080K, 45% used [0x00000000e0000000,0x00000000e6938ad0,0x00000000ee880000)
  from space 43008K, 69% used [0x00000000ee880000,0x00000000f0589140,0x00000000f1280000)
  to   space 41984K, 0% used [0x00000000f1380000,0x00000000f1380000,0x00000000f3c80000)
 ParOldGen       total 156672K, used 70786K [0x00000000a0000000, 0x00000000a9900000, 0x00000000e0000000)
  object space 156672K, 45% used [0x00000000a0000000,0x00000000a4520800,0x00000000a9900000)
 Metaspace       used 91790K, capacity 101180K, committed 101336K, reserved 1136640K
  class space    used 11563K, capacity 13778K, committed 13824K, reserved 1048576K
GC Heap History (10 events):
Event: 4283.837 GC heap before
{Heap before GC invocations=55 (full 4):
 PSYoungGen      total 239616K, used 212869K [0x00000000e0000000, 0x00000000f1600000, 0x0000000100000000)
  eden space 199680K, 100% used [0x00000000e0000000,0x00000000ec300000,0x00000000ec300000)
  from space 39936K, 33% used [0x00000000eef00000,0x00000000efbe16f8,0x00000000f1600000)
  to   space 42496K, 0% used [0x00000000ec300000,0x00000000ec300000,0x00000000eec80000)
 ParOldGen       total 156672K, used 65888K [0x00000000a0000000, 0x00000000a9900000, 0x00000000e0000000)
  object space 156672K, 42% used [0x00000000a0000000,0x00000000a4058050,0x00000000a9900000)
 Metaspace       used 86760K, capacity 95658K, committed 95832K, reserved 1132544K
  class space    used 11044K, capacity 13183K, committed 13184K, reserved 1048576K
Event: 4283.871 GC heap after
Heap after GC invocations=55 (full 4):
 PSYoungGen      total 242176K, used 24136K [0x00000000e0000000, 0x00000000f1c00000, 0x0000000100000000)
  eden space 199680K, 0% used [0x00000000e0000000,0x00000000e0000000,0x00000000ec300000)
  from space 42496K, 56% used [0x00000000ec300000,0x00000000eda921f0,0x00000000eec80000)
  to   space 41984K, 0% used [0x00000000ef300000,0x00000000ef300000,0x00000000f1c00000)
 ParOldGen       total 156672K, used 66112K [0x00000000a0000000, 0x00000000a9900000, 0x00000000e0000000)
  object space 156672K, 42% used [0x00000000a0000000,0x00000000a4090050,0x00000000a9900000)
 Metaspace       used 86760K, capacity 95658K, committed 95832K, reserved 1132544K
  class space    used 11044K, capacity 13183K, committed 13184K, reserved 1048576K
}
Event: 4288.488 GC heap before
{Heap before GC invocations=56 (full 4):
 PSYoungGen      total 242176K, used 222915K [0x00000000e0000000, 0x00000000f1c00000, 0x0000000100000000)
  eden space 199680K, 99% used [0x00000000e0000000,0x00000000ec21ed28,0x00000000ec300000)
  from space 42496K, 56% used [0x00000000ec300000,0x00000000eda921f0,0x00000000eec80000)
  to   space 41984K, 0% used [0x00000000ef300000,0x00000000ef300000,0x00000000f1c00000)
 ParOldGen       total 156672K, used 66112K [0x00000000a0000000, 0x00000000a9900000, 0x00000000e0000000)
  object space 156672K, 42% used [0x00000000a0000000,0x00000000a4090050,0x00000000a9900000)
 Metaspace       used 87594K, capacity 96636K, committed 96856K, reserved 1132544K
  class space    used 11177K, capacity 13350K, committed 13440K, reserved 1048576K
Event: 4288.532 GC heap after
Heap after GC invocations=56 (full 4):
 PSYoungGen      total 248320K, used 28110K [0x00000000e0000000, 0x00000000f2200000, 0x0000000100000000)
  eden space 206336K, 0% used [0x00000000e0000000,0x00000000e0000000,0x00000000ec980000)
  from space 41984K, 66% used [0x00000000ef300000,0x00000000f0e73940,0x00000000f1c00000)
  to   space 42496K, 0% used [0x00000000ec980000,0x00000000ec980000,0x00000000ef300000)
 ParOldGen       total 156672K, used 66938K [0x00000000a0000000, 0x00000000a9900000, 0x00000000e0000000)
  object space 156672K, 42% used [0x00000000a0000000,0x00000000a415ead8,0x00000000a9900000)
 Metaspace       used 87594K, capacity 96636K, committed 96856K, reserved 1132544K
  class space    used 11177K, capacity 13350K, committed 13440K, reserved 1048576K
}
Event: 4288.788 GC heap before
{Heap before GC invocations=57 (full 4):
 PSYoungGen      total 248320K, used 234446K [0x00000000e0000000, 0x00000000f2200000, 0x0000000100000000)
  eden space 206336K, 100% used [0x00000000e0000000,0x00000000ec980000,0x00000000ec980000)
  from space 41984K, 66% used [0x00000000ef300000,0x00000000f0e73940,0x00000000f1c00000)
  to   space 42496K, 0% used [0x00000000ec980000,0x00000000ec980000,0x00000000ef300000)
 ParOldGen       total 156672K, used 66938K [0x00000000a0000000, 0x00000000a9900000, 0x00000000e0000000)
  object space 156672K, 42% used [0x00000000a0000000,0x00000000a415ead8,0x00000000a9900000)
 Metaspace       used 87766K, capacity 96880K, committed 97112K, reserved 1132544K
  class space    used 11205K, capacity 13362K, committed 13440K, reserved 1048576K
Event: 4288.818 GC heap after
Heap after GC invocations=57 (full 4):
 PSYoungGen      total 248832K, used 24499K [0x00000000e0000000, 0x00000000f3c80000, 0x0000000100000000)
  eden space 206336K, 0% used [0x00000000e0000000,0x00000000e0000000,0x00000000ec980000)
  from space 42496K, 57% used [0x00000000ec980000,0x00000000ee16cc00,0x00000000ef300000)
  to   space 41984K, 0% used [0x00000000f1380000,0x00000000f1380000,0x00000000f3c80000)
 ParOldGen       total 156672K, used 67864K [0x00000000a0000000, 0x00000000a9900000, 0x00000000e0000000)
  object space 156672K, 43% used [0x00000000a0000000,0x00000000a4246228,0x00000000a9900000)
 Metaspace       used 87766K, capacity 96880K, committed 97112K, reserved 1132544K
  class space    used 11205K, capacity 13362K, committed 13440K, reserved 1048576K
}
Event: 4307.483 GC heap before
{Heap before GC invocations=58 (full 4):
 PSYoungGen      total 248832K, used 230835K [0x00000000e0000000, 0x00000000f3c80000, 0x0000000100000000)
  eden space 206336K, 100% used [0x00000000e0000000,0x00000000ec980000,0x00000000ec980000)
  from space 42496K, 57% used [0x00000000ec980000,0x00000000ee16cc00,0x00000000ef300000)
  to   space 41984K, 0% used [0x00000000f1380000,0x00000000f1380000,0x00000000f3c80000)
 ParOldGen       total 156672K, used 67864K [0x00000000a0000000, 0x00000000a9900000, 0x00000000e0000000)
  object space 156672K, 43% used [0x00000000a0000000,0x00000000a4246228,0x00000000a9900000)
 Metaspace       used 91026K, capacity 100368K, committed 100568K, reserved 1136640K
  class space    used 11557K, capacity 13746K, committed 13824K, reserved 1048576K
Event: 4307.566 GC heap after
Heap after GC invocations=58 (full 4):
 PSYoungGen      total 280064K, used 29948K [0x00000000e0000000, 0x00000000f3c80000, 0x0000000100000000)
  eden space 238080K, 0% used [0x00000000e0000000,0x00000000e0000000,0x00000000ee880000)
  from space 41984K, 71% used [0x00000000f1380000,0x00000000f30bf398,0x00000000f3c80000)
  to   space 43008K, 0% used [0x00000000ee880000,0x00000000ee880000,0x00000000f1280000)
 ParOldGen       total 156672K, used 70602K [0x00000000a0000000, 0x00000000a9900000, 0x00000000e0000000)
  object space 156672K, 45% used [0x00000000a0000000,0x00000000a44f2800,0x00000000a9900000)
 Metaspace       used 91026K, capacity 100368K, committed 100568K, reserved 1136640K
  class space    used 11557K, capacity 13746K, committed 13824K, reserved 1048576K
}
Event: 4310.167 GC heap before
{Heap before GC invocations=59 (full 4):
 PSYoungGen      total 280064K, used 268028K [0x00000000e0000000, 0x00000000f3c80000, 0x0000000100000000)
  eden space 238080K, 100% used [0x00000000e0000000,0x00000000ee880000,0x00000000ee880000)
  from space 41984K, 71% used [0x00000000f1380000,0x00000000f30bf398,0x00000000f3c80000)
  to   space 43008K, 0% used [0x00000000ee880000,0x00000000ee880000,0x00000000f1280000)
 ParOldGen       total 156672K, used 70602K [0x00000000a0000000, 0x00000000a9900000, 0x00000000e0000000)
  object space 156672K, 45% used [0x00000000a0000000,0x00000000a44f2800,0x00000000a9900000)
 Metaspace       used 91764K, capacity 101180K, committed 101336K, reserved 1136640K
  class space    used 11563K, capacity 13778K, committed 13824K, reserved 1048576K
Event: 4310.216 GC heap after
Heap after GC invocations=59 (full 4):
 PSYoungGen      total 281088K, used 29732K [0x00000000e0000000, 0x00000000f3c80000, 0x0000000100000000)
  eden space 238080K, 0% used [0x00000000e0000000,0x00000000e0000000,0x00000000ee880000)
  from space 43008K, 69% used [0x00000000ee880000,0x00000000f0589140,0x00000000f1280000)
  to   space 41984K, 0% used [0x00000000f1380000,0x00000000f1380000,0x00000000f3c80000)
 ParOldGen       total 156672K, used 70786K [0x00000000a0000000, 0x00000000a9900000, 0x00000000e0000000)
  object space 156672K, 45% used [0x00000000a0000000,0x00000000a4520800,0x00000000a9900000)
 Metaspace       used 91764K, capacity 101180K, committed 101336K, reserved 1136640K
  class space    used 11563K, capacity 13778K, committed 13824K, reserved 1048576K
}

