# JRE version: OpenJDK Runtime Environment (8.0_152-b01) (build 1.8.0_152-release-915-b01)
# Java VM: OpenJDK 64-Bit Server VM (25.152-b01 mixed mode windows-amd64 compressed oops)
Heap:
 PSYoungGen      total 331776K, used 305133K [0x00000000e0000000, 0x00000000f9880000, 0x0000000100000000)
  eden space 269824K, 91% used [0x00000000e0000000,0x00000000ef23e328,0x00000000f0780000)
  from space 61952K, 92% used [0x00000000f4c00000,0x00000000f83bd360,0x00000000f8880000)
  to   space 70144K, 0% used [0x00000000f0780000,0x00000000f0780000,0x00000000f4c00000)
 ParOldGen       total 162304K, used 60472K [0x00000000a0000000, 0x00000000a9e80000, 0x00000000e0000000)
  object space 162304K, 37% used [0x00000000a0000000,0x00000000a3b0e3f0,0x00000000a9e80000)
 Metaspace       used 81738K, capacity 85736K, committed 85976K, reserved 1124352K
  class space    used 10334K, capacity 11256K, committed 11264K, reserved 1048576K
GC Heap History (10 events):
Event: 65.095 GC heap before
{Heap before GC invocations=23 (full 3):
 PSYoungGen      total 212480K, used 212448K [0x00000000e0000000, 0x00000000f1a00000, 0x0000000100000000)
  eden space 183296K, 100% used [0x00000000e0000000,0x00000000eb300000,0x00000000eb300000)
  from space 29184K, 99% used [0x00000000eb300000,0x00000000ecf78050,0x00000000ecf80000)
  to   space 34816K, 0% used [0x00000000ef800000,0x00000000ef800000,0x00000000f1a00000)
 ParOldGen       total 162304K, used 47758K [0x00000000a0000000, 0x00000000a9e80000, 0x00000000e0000000)
  object space 162304K, 29% used [0x00000000a0000000,0x00000000a2ea3bb0,0x00000000a9e80000)
 Metaspace       used 68322K, capacity 71352K, committed 71640K, reserved 1112064K
  class space    used 8893K, capacity 9630K, committed 9728K, reserved 1048576K
Event: 65.150 GC heap after
Heap after GC invocations=23 (full 3):
 PSYoungGen      total 249856K, used 29039K [0x00000000e0000000, 0x00000000f1c00000, 0x0000000100000000)
  eden space 215040K, 0% used [0x00000000e0000000,0x00000000e0000000,0x00000000ed200000)
  from space 34816K, 83% used [0x00000000ef800000,0x00000000f145be40,0x00000000f1a00000)
  to   space 37888K, 0% used [0x00000000ed200000,0x00000000ed200000,0x00000000ef700000)
 ParOldGen       total 162304K, used 47766K [0x00000000a0000000, 0x00000000a9e80000, 0x00000000e0000000)
  object space 162304K, 29% used [0x00000000a0000000,0x00000000a2ea5bb0,0x00000000a9e80000)
 Metaspace       used 68322K, capacity 71352K, committed 71640K, reserved 1112064K
  class space    used 8893K, capacity 9630K, committed 9728K, reserved 1048576K
}
Event: 78.551 GC heap before
{Heap before GC invocations=24 (full 3):
 PSYoungGen      total 249856K, used 244079K [0x00000000e0000000, 0x00000000f1c00000, 0x0000000100000000)
  eden space 215040K, 100% used [0x00000000e0000000,0x00000000ed200000,0x00000000ed200000)
  from space 34816K, 83% used [0x00000000ef800000,0x00000000f145be40,0x00000000f1a00000)
  to   space 37888K, 0% used [0x00000000ed200000,0x00000000ed200000,0x00000000ef700000)
 ParOldGen       total 162304K, used 47766K [0x00000000a0000000, 0x00000000a9e80000, 0x00000000e0000000)
  object space 162304K, 29% used [0x00000000a0000000,0x00000000a2ea5bb0,0x00000000a9e80000)
 Metaspace       used 69341K, capacity 72404K, committed 72536K, reserved 1112064K
  class space    used 8999K, capacity 9752K, committed 9856K, reserved 1048576K
Event: 78.617 GC heap after
Heap after GC invocations=24 (full 3):
 PSYoungGen      total 252928K, used 37875K [0x00000000e0000000, 0x00000000f5100000, 0x0000000100000000)
  eden space 215040K, 0% used [0x00000000e0000000,0x00000000e0000000,0x00000000ed200000)
  from space 37888K, 99% used [0x00000000ed200000,0x00000000ef6fcd68,0x00000000ef700000)
  to   space 48128K, 0% used [0x00000000f2200000,0x00000000f2200000,0x00000000f5100000)
 ParOldGen       total 162304K, used 60440K [0x00000000a0000000, 0x00000000a9e80000, 0x00000000e0000000)
  object space 162304K, 37% used [0x00000000a0000000,0x00000000a3b063f0,0x00000000a9e80000)
 Metaspace       used 69341K, capacity 72404K, committed 72536K, reserved 1112064K
  class space    used 8999K, capacity 9752K, committed 9856K, reserved 1048576K
}
Event: 99.145 GC heap before
{Heap before GC invocations=25 (full 3):
 PSYoungGen      total 252928K, used 252915K [0x00000000e0000000, 0x00000000f5100000, 0x0000000100000000)
  eden space 215040K, 100% used [0x00000000e0000000,0x00000000ed200000,0x00000000ed200000)
  from space 37888K, 99% used [0x00000000ed200000,0x00000000ef6fcd68,0x00000000ef700000)
  to   space 48128K, 0% used [0x00000000f2200000,0x00000000f2200000,0x00000000f5100000)
 ParOldGen       total 162304K, used 60440K [0x00000000a0000000, 0x00000000a9e80000, 0x00000000e0000000)
  object space 162304K, 37% used [0x00000000a0000000,0x00000000a3b063f0,0x00000000a9e80000)
 Metaspace       used 72308K, capacity 75842K, committed 76120K, reserved 1116160K
  class space    used 9377K, capacity 10241K, committed 10368K, reserved 1048576K
Event: 99.260 GC heap after
Heap after GC invocations=25 (full 3):
 PSYoungGen      total 289792K, used 46365K [0x00000000e0000000, 0x00000000f5c00000, 0x0000000100000000)
  eden space 241664K, 0% used [0x00000000e0000000,0x00000000e0000000,0x00000000eec00000)
  from space 48128K, 96% used [0x00000000f2200000,0x00000000f4f47630,0x00000000f5100000)
  to   space 55296K, 0% used [0x00000000eec00000,0x00000000eec00000,0x00000000f2200000)
 ParOldGen       total 162304K, used 60448K [0x00000000a0000000, 0x00000000a9e80000, 0x00000000e0000000)
  object space 162304K, 37% used [0x00000000a0000000,0x00000000a3b083f0,0x00000000a9e80000)
 Metaspace       used 72308K, capacity 75842K, committed 76120K, reserved 1116160K
  class space    used 9377K, capacity 10241K, committed 10368K, reserved 1048576K
}
Event: 103.840 GC heap before
{Heap before GC invocations=26 (full 3):
 PSYoungGen      total 289792K, used 287625K [0x00000000e0000000, 0x00000000f5c00000, 0x0000000100000000)
  eden space 241664K, 99% used [0x00000000e0000000,0x00000000eeb9afd8,0x00000000eec00000)
  from space 48128K, 96% used [0x00000000f2200000,0x00000000f4f47630,0x00000000f5100000)
  to   space 55296K, 0% used [0x00000000eec00000,0x00000000eec00000,0x00000000f2200000)
 ParOldGen       total 162304K, used 60448K [0x00000000a0000000, 0x00000000a9e80000, 0x00000000e0000000)
  object space 162304K, 37% used [0x00000000a0000000,0x00000000a3b083f0,0x00000000a9e80000)
 Metaspace       used 77006K, capacity 80674K, committed 80984K, reserved 1120256K
  class space    used 9889K, capacity 10781K, committed 10880K, reserved 1048576K
Event: 103.904 GC heap after
Heap after GC invocations=26 (full 3):
 PSYoungGen      total 296960K, used 50371K [0x00000000e0000000, 0x00000000f8880000, 0x0000000100000000)
  eden space 241664K, 0% used [0x00000000e0000000,0x00000000e0000000,0x00000000eec00000)
  from space 55296K, 91% used [0x00000000eec00000,0x00000000f1d30cd8,0x00000000f2200000)
  to   space 61952K, 0% used [0x00000000f4c00000,0x00000000f4c00000,0x00000000f8880000)
 ParOldGen       total 162304K, used 60464K [0x00000000a0000000, 0x00000000a9e80000, 0x00000000e0000000)
  object space 162304K, 37% used [0x00000000a0000000,0x00000000a3b0c3f0,0x00000000a9e80000)
 Metaspace       used 77006K, capacity 80674K, committed 80984K, reserved 1120256K
  class space    used 9889K, capacity 10781K, committed 10880K, reserved 1048576K
}
Event: 117.590 GC heap before
{Heap before GC invocations=27 (full 3):
 PSYoungGen      total 296960K, used 292035K [0x00000000e0000000, 0x00000000f8880000, 0x0000000100000000)
  eden space 241664K, 100% used [0x00000000e0000000,0x00000000eec00000,0x00000000eec00000)
  from space 55296K, 91% used [0x00000000eec00000,0x00000000f1d30cd8,0x00000000f2200000)
  to   space 61952K, 0% used [0x00000000f4c00000,0x00000000f4c00000,0x00000000f8880000)
 ParOldGen       total 162304K, used 60464K [0x00000000a0000000, 0x00000000a9e80000, 0x00000000e0000000)
  object space 162304K, 37% used [0x00000000a0000000,0x00000000a3b0c3f0,0x00000000a9e80000)
 Metaspace       used 81185K, capacity 85148K, committed 85208K, reserved 1124352K
  class space    used 10330K, capacity 11256K, committed 11264K, reserved 1048576K
Event: 117.739 GC heap after
Heap after GC invocations=27 (full 3):
 PSYoungGen      total 331776K, used 57076K [0x00000000e0000000, 0x00000000f9880000, 0x0000000100000000)
  eden space 269824K, 0% used [0x00000000e0000000,0x00000000e0000000,0x00000000f0780000)
  from space 61952K, 92% used [0x00000000f4c00000,0x00000000f83bd360,0x00000000f8880000)
  to   space 70144K, 0% used [0x00000000f0780000,0x00000000f0780000,0x00000000f4c00000)
 ParOldGen       total 162304K, used 60472K [0x00000000a0000000, 0x00000000a9e80000, 0x00000000e0000000)
  object space 162304K, 37% used [0x00000000a0000000,0x00000000a3b0e3f0,0x00000000a9e80000)
 Metaspace       used 81185K, capacity 85148K, committed 85208K, reserved 1124352K
  class space    used 10330K, capacity 11256K, committed 11264K, reserved 1048576K
}

